2023-06-24 21:21:54.359 [JavaFX Application Thread] INFO  project.itss.group11.itss.Until.ConnectionPool - Create pool
2023-06-24 21:21:54.362 [JavaFX Application Thread] INFO  project.itss.group11.itss.Until.ConnectionPool - Load conf database OK
2023-06-24 21:21:54.364 [JavaFX Application Thread] ERROR project.itss.group11.itss.Until.ConnectionPool - Error when create Connection: 
java.sql.SQLException: No suitable driver found for jdbc:postgresql://localhost:5432/null?loggerLevel=OFF
	at java.sql.DriverManager.getConnection(DriverManager.java:706) ~[java.sql:?]
	at java.sql.DriverManager.getConnection(DriverManager.java:229) ~[java.sql:?]
	at project.itss.group11.itss.Until.ConnectionPool.initializePool(ConnectionPool.java:65) ~[classes/:?]
	at project.itss.group11.itss.Until.ConnectionPool.<init>(ConnectionPool.java:34) ~[classes/:?]
	at project.itss.group11.itss.Until.ConnectionPool.getInstance(ConnectionPool.java:40) ~[classes/:?]
	at project.itss.group11.itss.controller.LoginController.initialize(LoginController.java:34) ~[classes/:?]
	at javafx.fxml.FXMLLoader.loadImpl(FXMLLoader.java:2655) ~[javafx-fxml-17.0.2-mac.jar:?]
	at javafx.fxml.FXMLLoader.loadImpl(FXMLLoader.java:2548) ~[javafx-fxml-17.0.2-mac.jar:?]
	at javafx.fxml.FXMLLoader.load(FXMLLoader.java:2516) ~[javafx-fxml-17.0.2-mac.jar:?]
	at project.itss.group11.itss.HelloApplication.start(HelloApplication.java:14) ~[classes/:?]
	at com.sun.javafx.application.LauncherImpl.lambda$launchApplication1$9(LauncherImpl.java:847) ~[javafx-graphics-17.0.2-mac.jar:?]
	at com.sun.javafx.application.PlatformImpl.lambda$runAndWait$12(PlatformImpl.java:484) ~[javafx-graphics-17.0.2-mac.jar:?]
	at com.sun.javafx.application.PlatformImpl.lambda$runLater$10(PlatformImpl.java:457) ~[javafx-graphics-17.0.2-mac.jar:?]
	at java.security.AccessController.doPrivileged(AccessController.java:399) ~[?:?]
	at com.sun.javafx.application.PlatformImpl.lambda$runLater$11(PlatformImpl.java:456) ~[javafx-graphics-17.0.2-mac.jar:?]
	at com.sun.glass.ui.InvokeLaterDispatcher$Future.run(InvokeLaterDispatcher.java:96) [javafx-graphics-17.0.2-mac.jar:?]
2023-06-24 21:21:54.374 [JavaFX Application Thread] INFO  project.itss.group11.itss.controller.LoginController - Start load all conf
2023-06-24 21:22:06.469 [JavaFX Application Thread] INFO  project.itss.group11.itss.controller.LoginController - Start login user: 20205103 , pass: nam
2023-06-24 21:22:49.761 [JavaFX Application Thread] INFO  project.itss.group11.itss.Until.ConnectionPool - Create pool
2023-06-24 21:22:49.764 [JavaFX Application Thread] INFO  project.itss.group11.itss.Until.ConnectionPool - Load conf database OK
2023-06-24 21:22:49.767 [JavaFX Application Thread] ERROR project.itss.group11.itss.Until.ConnectionPool - Error when create Connection: 
java.sql.SQLException: No suitable driver found for jdbc:postgresql://localhost:5432/ITSS_project?loggerLevel=OFF
	at java.sql.DriverManager.getConnection(DriverManager.java:706) ~[java.sql:?]
	at java.sql.DriverManager.getConnection(DriverManager.java:229) ~[java.sql:?]
	at project.itss.group11.itss.Until.ConnectionPool.initializePool(ConnectionPool.java:65) ~[classes/:?]
	at project.itss.group11.itss.Until.ConnectionPool.<init>(ConnectionPool.java:34) ~[classes/:?]
	at project.itss.group11.itss.Until.ConnectionPool.getInstance(ConnectionPool.java:40) ~[classes/:?]
	at project.itss.group11.itss.controller.LoginController.initialize(LoginController.java:34) ~[classes/:?]
	at javafx.fxml.FXMLLoader.loadImpl(FXMLLoader.java:2655) ~[javafx-fxml-17.0.2-mac.jar:?]
	at javafx.fxml.FXMLLoader.loadImpl(FXMLLoader.java:2548) ~[javafx-fxml-17.0.2-mac.jar:?]
	at javafx.fxml.FXMLLoader.load(FXMLLoader.java:2516) ~[javafx-fxml-17.0.2-mac.jar:?]
	at project.itss.group11.itss.HelloApplication.start(HelloApplication.java:14) ~[classes/:?]
	at com.sun.javafx.application.LauncherImpl.lambda$launchApplication1$9(LauncherImpl.java:847) ~[javafx-graphics-17.0.2-mac.jar:?]
	at com.sun.javafx.application.PlatformImpl.lambda$runAndWait$12(PlatformImpl.java:484) ~[javafx-graphics-17.0.2-mac.jar:?]
	at com.sun.javafx.application.PlatformImpl.lambda$runLater$10(PlatformImpl.java:457) ~[javafx-graphics-17.0.2-mac.jar:?]
	at java.security.AccessController.doPrivileged(AccessController.java:399) ~[?:?]
	at com.sun.javafx.application.PlatformImpl.lambda$runLater$11(PlatformImpl.java:456) ~[javafx-graphics-17.0.2-mac.jar:?]
	at com.sun.glass.ui.InvokeLaterDispatcher$Future.run(InvokeLaterDispatcher.java:96) [javafx-graphics-17.0.2-mac.jar:?]
2023-06-24 21:22:49.776 [JavaFX Application Thread] INFO  project.itss.group11.itss.controller.LoginController - Start load all conf
2023-06-24 21:28:30.032 [JavaFX Application Thread] INFO  project.itss.group11.itss.Until.ConnectionPool - Create pool
2023-06-24 21:28:30.035 [JavaFX Application Thread] INFO  project.itss.group11.itss.Until.ConnectionPool - Load conf database OK
2023-06-24 21:28:30.100 [JavaFX Application Thread] ERROR project.itss.group11.itss.Until.ConnectionPool - Error when create Connection: 
org.postgresql.util.PSQLException: FATAL: database "ITSS_project" does not exist
	at org.postgresql.core.v3.QueryExecutorImpl.receiveErrorResponse(QueryExecutorImpl.java:2552) ~[postgresql-42.2.23.jar:42.2.23]
	at org.postgresql.core.v3.QueryExecutorImpl.readStartupMessages(QueryExecutorImpl.java:2664) ~[postgresql-42.2.23.jar:42.2.23]
	at org.postgresql.core.v3.QueryExecutorImpl.<init>(QueryExecutorImpl.java:147) ~[postgresql-42.2.23.jar:42.2.23]
	at org.postgresql.core.v3.ConnectionFactoryImpl.openConnectionImpl(ConnectionFactoryImpl.java:273) ~[postgresql-42.2.23.jar:42.2.23]
	at org.postgresql.core.ConnectionFactory.openConnection(ConnectionFactory.java:51) ~[postgresql-42.2.23.jar:42.2.23]
	at org.postgresql.jdbc.PgConnection.<init>(PgConnection.java:223) ~[postgresql-42.2.23.jar:42.2.23]
	at org.postgresql.Driver.makeConnection(Driver.java:465) ~[postgresql-42.2.23.jar:42.2.23]
	at org.postgresql.Driver.connect(Driver.java:264) ~[postgresql-42.2.23.jar:42.2.23]
	at java.sql.DriverManager.getConnection(DriverManager.java:681) ~[java.sql:?]
	at java.sql.DriverManager.getConnection(DriverManager.java:229) ~[java.sql:?]
	at project.itss.group11.itss.Until.ConnectionPool.initializePool(ConnectionPool.java:65) ~[classes/:?]
	at project.itss.group11.itss.Until.ConnectionPool.<init>(ConnectionPool.java:34) ~[classes/:?]
	at project.itss.group11.itss.Until.ConnectionPool.getInstance(ConnectionPool.java:40) ~[classes/:?]
	at project.itss.group11.itss.controller.LoginController.initialize(LoginController.java:34) ~[classes/:?]
	at javafx.fxml.FXMLLoader.loadImpl(FXMLLoader.java:2655) ~[javafx-fxml-17.0.2-mac.jar:?]
	at javafx.fxml.FXMLLoader.loadImpl(FXMLLoader.java:2548) ~[javafx-fxml-17.0.2-mac.jar:?]
	at javafx.fxml.FXMLLoader.load(FXMLLoader.java:2516) ~[javafx-fxml-17.0.2-mac.jar:?]
	at project.itss.group11.itss.HelloApplication.start(HelloApplication.java:14) ~[classes/:?]
	at com.sun.javafx.application.LauncherImpl.lambda$launchApplication1$9(LauncherImpl.java:847) ~[javafx-graphics-17.0.2-mac.jar:?]
	at com.sun.javafx.application.PlatformImpl.lambda$runAndWait$12(PlatformImpl.java:484) ~[javafx-graphics-17.0.2-mac.jar:?]
	at com.sun.javafx.application.PlatformImpl.lambda$runLater$10(PlatformImpl.java:457) ~[javafx-graphics-17.0.2-mac.jar:?]
	at java.security.AccessController.doPrivileged(AccessController.java:399) ~[?:?]
	at com.sun.javafx.application.PlatformImpl.lambda$runLater$11(PlatformImpl.java:456) ~[javafx-graphics-17.0.2-mac.jar:?]
	at com.sun.glass.ui.InvokeLaterDispatcher$Future.run(InvokeLaterDispatcher.java:96) [javafx-graphics-17.0.2-mac.jar:?]
2023-06-24 21:28:30.111 [JavaFX Application Thread] INFO  project.itss.group11.itss.controller.LoginController - Start load all conf
2023-06-24 21:47:46.707 [JavaFX Application Thread] INFO  project.itss.group11.itss.Until.ConnectionPool - Create pool
2023-06-24 21:47:46.711 [JavaFX Application Thread] INFO  project.itss.group11.itss.Until.ConnectionPool - Load conf database OK
2023-06-24 21:47:46.816 [JavaFX Application Thread] INFO  project.itss.group11.itss.controller.LoginController - Start load all conf
2023-06-24 21:47:58.035 [JavaFX Application Thread] INFO  project.itss.group11.itss.controller.LoginController - Start login user: 20205103 , pass: nam
2023-06-24 21:47:58.052 [JavaFX Application Thread] INFO  project.itss.group11.itss.controller.LoginController - Success
2023-06-24 21:52:06.263 [JavaFX Application Thread] INFO  project.itss.group11.itss.Until.ConnectionPool - Create pool
2023-06-24 21:52:06.269 [JavaFX Application Thread] INFO  project.itss.group11.itss.Until.ConnectionPool - Load conf database OK
2023-06-24 21:52:06.416 [JavaFX Application Thread] INFO  project.itss.group11.itss.controller.LoginController - Start load all conf
2023-06-24 21:52:17.177 [JavaFX Application Thread] INFO  project.itss.group11.itss.controller.LoginController - Start login user: 20205104 , pass: nam
2023-06-24 21:52:17.194 [JavaFX Application Thread] INFO  project.itss.group11.itss.controller.LoginController - Error
2023-06-24 21:52:29.415 [JavaFX Application Thread] INFO  project.itss.group11.itss.controller.LoginController - Start login user: 20205104 , pass: 123456
2023-06-24 21:52:29.420 [JavaFX Application Thread] INFO  project.itss.group11.itss.controller.LoginController - Success
2023-06-24 21:53:52.866 [JavaFX Application Thread] INFO  project.itss.group11.itss.Until.ConnectionPool - Create pool
2023-06-24 21:53:52.870 [JavaFX Application Thread] INFO  project.itss.group11.itss.Until.ConnectionPool - Load conf database OK
2023-06-24 21:53:53.008 [JavaFX Application Thread] INFO  project.itss.group11.itss.controller.LoginController - Start load all conf
2023-06-24 21:54:02.836 [JavaFX Application Thread] INFO  project.itss.group11.itss.controller.LoginController - Start login user: 20205103 , pass: 123456
2023-06-24 21:54:02.856 [JavaFX Application Thread] INFO  project.itss.group11.itss.controller.LoginController - Login Fail
2023-06-24 21:54:28.694 [JavaFX Application Thread] INFO  project.itss.group11.itss.controller.LoginController - Start login user: 20205103 , pass: nam
2023-06-24 21:54:28.695 [JavaFX Application Thread] INFO  project.itss.group11.itss.controller.LoginController - Login Success
